<?xml version="1.0" encoding="UTF-8"?>
<!-- Generated by org.testng.reporters.JUnitXMLReporter -->
<testsuite ignored="3" hostname="LAPTOP-4QDIKF2C" failures="1" tests="2" name="Test" time="167.902" errors="0" timestamp="2023-10-14T11:52:40 IST">
  <testcase classname="com.pom.tests.EditCustomarTest" name="editCustomarTest" time="119.669">
    <failure type="org.openqa.selenium.ElementClickInterceptedException" message="element click intercepted: Element &amp;lt;a href=&amp;quot;EditCustomer.php&amp;quot;&amp;gt;...&amp;lt;/a&amp;gt; is not clickable at point (120, 488). Other element would receive the click: &amp;lt;td&amp;gt;...&amp;lt;/td&amp;gt;
  (Session info: chrome=117.0.5938.152)
Build info: version: &amp;apos;4.9.1&amp;apos;, revision: &amp;apos;eb2032df7f&amp;apos;
System info: os.name: &amp;apos;Windows 11&amp;apos;, os.arch: &amp;apos;amd64&amp;apos;, os.version: &amp;apos;10.0&amp;apos;, java.version: &amp;apos;17.0.6&amp;apos;
Driver info: org.openqa.selenium.chrome.ChromeDriver
Command: [3a1cf36c14be73fe04223c4a4cd8f697, clickElement {id=2B51FCF81B85E5C4D54011B77B3824CD_element_46}]
Capabilities {acceptInsecureCerts: false, browserName: chrome, browserVersion: 117.0.5938.152, chrome: {chromedriverVersion: 117.0.5938.62 (25a7172909a4..., userDataDir: C:\Users\shyam\AppData\Loca...}, fedcm:accounts: true, goog:chromeOptions: {debuggerAddress: localhost:54274}, networkConnectionEnabled: false, pageLoadStrategy: normal, platformName: windows, proxy: Proxy(), se:cdp: ws://localhost:54274/devtoo..., se:cdpVersion: 117.0.5938.152, setWindowRect: true, strictFileInteractability: false, timeouts: {implicit: 0, pageLoad: 300000, script: 30000}, unhandledPromptBehavior: dismiss and notify, webauthn:extension:credBlob: true, webauthn:extension:largeBlob: true, webauthn:extension:minPinLength: true, webauthn:extension:prf: true, webauthn:virtualAuthenticators: true}
Element: [[ChromeDriver: chrome on windows (3a1cf36c14be73fe04223c4a4cd8f697)] -&amp;gt; xpath: //a[text() = &amp;apos;Edit Customer&amp;apos;]]
Session ID: 3a1cf36c14be73fe04223c4a4cd8f697">
      <![CDATA[org.openqa.selenium.ElementClickInterceptedException: element click intercepted: Element <a href="EditCustomer.php">...</a> is not clickable at point (120, 488). Other element would receive the click: <td>...</td>
  (Session info: chrome=117.0.5938.152)
Build info: version: '4.9.1', revision: 'eb2032df7f'
System info: os.name: 'Windows 11', os.arch: 'amd64', os.version: '10.0', java.version: '17.0.6'
Driver info: org.openqa.selenium.chrome.ChromeDriver
Command: [3a1cf36c14be73fe04223c4a4cd8f697, clickElement {id=2B51FCF81B85E5C4D54011B77B3824CD_element_46}]
Capabilities {acceptInsecureCerts: false, browserName: chrome, browserVersion: 117.0.5938.152, chrome: {chromedriverVersion: 117.0.5938.62 (25a7172909a4..., userDataDir: C:\Users\shyam\AppData\Loca...}, fedcm:accounts: true, goog:chromeOptions: {debuggerAddress: localhost:54274}, networkConnectionEnabled: false, pageLoadStrategy: normal, platformName: windows, proxy: Proxy(), se:cdp: ws://localhost:54274/devtoo..., se:cdpVersion: 117.0.5938.152, setWindowRect: true, strictFileInteractability: false, timeouts: {implicit: 0, pageLoad: 300000, script: 30000}, unhandledPromptBehavior: dismiss and notify, webauthn:extension:credBlob: true, webauthn:extension:largeBlob: true, webauthn:extension:minPinLength: true, webauthn:extension:prf: true, webauthn:virtualAuthenticators: true}
Element: [[ChromeDriver: chrome on windows (3a1cf36c14be73fe04223c4a4cd8f697)] -> xpath: //a[text() = 'Edit Customer']]
Session ID: 3a1cf36c14be73fe04223c4a4cd8f697
at org.openqa.selenium.remote.codec.w3c.W3CHttpResponseCodec.createException(W3CHttpResponseCodec.java:200)
at org.openqa.selenium.remote.codec.w3c.W3CHttpResponseCodec.decode(W3CHttpResponseCodec.java:133)
at org.openqa.selenium.remote.codec.w3c.W3CHttpResponseCodec.decode(W3CHttpResponseCodec.java:53)
at org.openqa.selenium.remote.HttpCommandExecutor.execute(HttpCommandExecutor.java:193)
at org.openqa.selenium.remote.service.DriverCommandExecutor.invokeExecute(DriverCommandExecutor.java:183)
at org.openqa.selenium.remote.service.DriverCommandExecutor.execute(DriverCommandExecutor.java:158)
at org.openqa.selenium.remote.RemoteWebDriver.execute(RemoteWebDriver.java:543)
at org.openqa.selenium.remote.RemoteWebElement.execute(RemoteWebElement.java:257)
at org.openqa.selenium.remote.RemoteWebElement.click(RemoteWebElement.java:78)
at com.pom.utils.CommonUtils.clickElements(CommonUtils.java:35)
at com.pom.pages.EditCustomerPage.searchCustomerForEditing(EditCustomerPage.java:27)
at com.pom.tests.EditCustomarTest.editCustomarTest(EditCustomarTest.java:13)
at java.base/java.util.ArrayList.forEach(ArrayList.java:1511)
... Removed 32 stack frames]]>
    </failure>
  </testcase> <!-- editCustomarTest -->
  <testcase classname="com.pom.tests.LoginTest" name="validLoginTest" time="44.66"/>
  <testcase classname="com.pom.utils.Hooks" name="@BeforeTest beforeTest" time="0.0">
    <ignored/>
  </testcase> <!-- @BeforeTest beforeTest -->
  <testcase classname="com.pom.utils.Hooks" name="@AfterTest afterTest" time="0.0">
    <ignored/>
  </testcase> <!-- @AfterTest afterTest -->
  <testcase classname="com.pom.utils.Hooks" name="@AfterSuite afterAll" time="0.0">
    <ignored/>
  </testcase> <!-- @AfterSuite afterAll -->
</testsuite> <!-- Test -->
